1 1 11 1 3 4 5 6 9 10 11 14 15 16
2 2 9 1 3 5 6 9 10 11 14 15
3 3 9 1 3 5 6 9 10 11 14 16
4 4 8 1 3 5 6 9 10 11 14
5 5 10 1 3 4 5 6 9 10 11 15 16
6 6 8 1 3 5 6 9 10 11 15
7 7 8 1 3 5 6 9 10 11 16
8 8 7 1 3 5 6 9 10 11
9 9 10 1 3 5 8 9 12 13 14 15 16
10 10 9 1 3 5 8 9 12 13 14 15
11 11 9 1 3 5 8 9 12 13 14 16
12 12 8 1 3 5 8 9 12 13 14
13 13 9 1 3 5 8 9 12 13 15 16
14 14 8 1 3 5 8 9 12 13 15
15 15 8 1 3 5 8 9 12 13 16
16 16 7 1 3 5 8 9 12 13
17 17 10 1 3 4 5 6 10 11 14 15 16
18 18 8 1 3 5 6 10 11 14 15
19 19 8 1 3 5 6 10 11 14 16
20 20 7 1 3 5 6 10 11 14
21 21 9 1 3 4 5 6 10 11 15 16
22 22 7 1 3 5 6 10 11 15
23 23 7 1 3 5 6 10 11 16
24 24 6 1 3 5 6 10 11
25 25 9 1 3 5 8 12 13 14 15 16
26 26 8 1 3 5 8 12 13 14 15
27 27 8 1 3 5 8 12 13 14 16
28 28 7 1 3 5 8 12 13 14
29 29 8 1 3 5 8 12 13 15 16
30 30 7 1 3 5 8 12 13 15
31 31 7 1 3 5 8 12 13 16
32 32 6 1 3 5 8 12 13
33 33 9 1 5 6 9 10 11 14 15 16
34 34 8 1 5 6 9 10 11 14 15
35 35 8 1 5 6 9 10 11 14 16
36 36 7 1 5 6 9 10 11 14
37 37 8 1 5 6 9 10 11 15 16
38 38 7 1 5 6 9 10 11 15
39 39 7 1 5 6 9 10 11 16
40 40 6 1 5 6 9 10 11
41 41 9 1 5 6 9 10 13 14 15 16
42 42 8 1 5 6 9 10 13 14 15
43 43 8 1 5 6 9 10 13 14 16
44 44 7 1 5 6 9 10 13 14
45 45 8 1 5 6 9 10 13 15 16
46 46 7 1 5 6 9 10 13 15
47 47 7 1 5 6 9 10 13 16
48 48 6 1 5 6 9 10 13
49 49 8 1 5 6 10 11 14 15 16
50 50 7 1 5 6 10 11 14 15
51 51 7 1 5 6 10 11 14 16
52 52 6 1 5 6 10 11 14
53 53 7 1 5 6 10 11 15 16
54 54 6 1 5 6 10 11 15
55 55 6 1 5 6 10 11 16
56 56 5 1 5 6 10 11
57 57 8 1 5 6 10 13 14 15 16
58 58 7 1 5 6 10 13 14 15
59 59 7 1 5 6 10 13 14 16
60 60 6 1 5 6 10 13 14
61 61 7 1 5 6 10 13 15 16
62 62 6 1 5 6 10 13 15
63 63 6 1 5 6 10 13 16
64 64 5 1 5 6 10 13
65 65 9 2 3 7 8 9 11 14 15 16
66 66 8 2 3 7 8 9 11 14 15
67 67 8 2 3 7 8 9 11 14 16
68 68 7 2 3 7 8 9 11 14
69 69 8 2 3 7 8 9 11 15 16
70 70 7 2 3 7 8 9 11 15
71 71 7 2 3 7 8 9 11 16
72 72 6 2 3 7 8 9 11
73 73 10 2 3 7 8 9 12 13 14 15 16
74 74 9 2 3 7 8 9 12 13 14 15
75 75 9 2 3 7 8 9 12 13 14 16
76 76 8 2 3 7 8 9 12 13 14
77 77 9 2 3 7 8 9 12 13 15 16
78 78 8 2 3 7 8 9 12 13 15
79 79 8 2 3 7 8 9 12 13 16
80 80 7 2 3 7 8 9 12 13
81 81 8 2 3 7 8 11 14 15 16
82 82 7 2 3 7 8 11 14 15
83 83 7 2 3 7 8 11 14 16
84 84 6 2 3 7 8 11 14
85 85 7 2 3 7 8 11 15 16
86 86 6 2 3 7 8 11 15
87 87 6 2 3 7 8 11 16
88 88 5 2 3 7 8 11
89 89 9 2 3 7 8 12 13 14 15 16
90 90 8 2 3 7 8 12 13 14 15
91 91 8 2 3 7 8 12 13 14 16
92 92 7 2 3 7 8 12 13 14
93 93 8 2 3 7 8 12 13 15 16
94 94 7 2 3 7 8 12 13 15
95 95 7 2 3 7 8 12 13 16
96 96 6 2 3 7 8 12 13
97 97 8 2 7 8 9 11 14 15 16
98 98 7 2 7 8 9 11 14 15
99 99 7 2 7 8 9 11 14 16
100 100 6 2 7 8 9 11 14
101 101 7 2 7 8 9 11 15 16
102 102 6 2 7 8 9 11 15
103 103 6 2 7 8 9 11 16
104 104 5 2 7 8 9 11
105 105 8 2 7 8 9 13 14 15 16
106 106 7 2 7 8 9 13 14 15
107 107 7 2 7 8 9 13 14 16
108 108 6 2 7 8 9 13 14
109 109 7 2 7 8 9 13 15 16
110 110 6 2 7 8 9 13 15
111 111 6 2 7 8 9 13 16
112 112 5 2 7 8 9 13
113 113 7 2 7 8 11 14 15 16
114 114 6 2 7 8 11 14 15
115 115 6 2 7 8 11 14 16
116 116 5 2 7 8 11 14
117 117 6 2 7 8 11 15 16
118 118 5 2 7 8 11 15
119 119 5 2 7 8 11 16
120 120 4 2 7 8 11
121 121 7 2 7 8 13 14 15 16
122 122 6 2 7 8 13 14 15
123 123 6 2 7 8 13 14 16
124 124 5 2 7 8 13 14
125 125 6 2 7 8 13 15 16
126 126 5 2 7 8 13 15
127 127 5 2 7 8 13 16
128 128 4 2 7 8 13
