1 1 16 1 3 4 5 6 9 10 11 14 15 16 18 23 24 28 29
2 2 16 1 3 5 6 9 10 11 14 15 18 20 23 24 28 29 32
3 3 16 1 3 5 6 9 10 11 14 16 18 20 23 24 28 29 31
4 4 16 1 3 5 6 9 10 11 14 18 20 23 24 28 29 31 32
5 5 16 1 3 4 5 6 9 10 11 15 16 18 23 24 28 29 30
6 6 16 1 3 5 6 9 10 11 15 18 20 23 24 28 29 30 32
7 7 16 1 3 5 6 9 10 11 16 18 20 23 24 28 29 30 31
8 8 16 1 3 5 6 9 10 11 18 20 23 24 28 29 30 31 32
9 9 16 1 3 5 8 9 12 13 14 15 16 18 20 22 23 26 27
10 10 16 1 3 5 8 9 12 13 14 15 18 20 22 23 26 27 32
11 11 16 1 3 5 8 9 12 13 14 16 18 20 22 23 26 27 31
12 12 16 1 3 5 8 9 12 13 14 18 20 22 23 26 27 31 32
13 13 16 1 3 5 8 9 12 13 15 16 18 20 22 23 26 27 30
14 14 16 1 3 5 8 9 12 13 15 18 20 22 23 26 27 30 32
15 15 16 1 3 5 8 9 12 13 16 18 20 22 23 26 27 30 31
16 16 16 1 3 5 8 9 12 13 18 20 22 23 26 27 30 31 32
17 17 16 1 3 4 5 6 10 11 14 15 16 18 23 24 25 28 29
18 18 16 1 3 5 6 10 11 14 15 18 20 23 24 25 28 29 32
19 19 16 1 3 5 6 10 11 14 16 18 20 23 24 25 28 29 31
20 20 16 1 3 5 6 10 11 14 18 20 23 24 25 28 29 31 32
21 21 16 1 3 4 5 6 10 11 15 16 18 23 24 25 28 29 30
22 22 16 1 3 5 6 10 11 15 18 20 23 24 25 28 29 30 32
23 23 16 1 3 5 6 10 11 16 18 20 23 24 25 28 29 30 31
24 24 16 1 3 5 6 10 11 18 20 23 24 25 28 29 30 31 32
25 25 16 1 3 5 8 12 13 14 15 16 18 20 22 23 25 26 27
26 26 16 1 3 5 8 12 13 14 15 18 20 22 23 25 26 27 32
27 27 16 1 3 5 8 12 13 14 16 18 20 22 23 25 26 27 31
28 28 16 1 3 5 8 12 13 14 18 20 22 23 25 26 27 31 32
29 29 16 1 3 5 8 12 13 15 16 18 20 22 23 25 26 27 30
30 30 16 1 3 5 8 12 13 15 18 20 22 23 25 26 27 30 32
31 31 16 1 3 5 8 12 13 16 18 20 22 23 25 26 27 30 31
32 32 16 1 3 5 8 12 13 18 20 22 23 25 26 27 30 31 32
33 33 16 1 5 6 9 10 11 14 15 16 18 19 20 23 24 28 29
34 34 16 1 5 6 9 10 11 14 15 18 19 20 23 24 28 29 32
35 35 16 1 5 6 9 10 11 14 16 18 19 20 23 24 28 29 31
36 36 16 1 5 6 9 10 11 14 18 19 20 23 24 28 29 31 32
37 37 16 1 5 6 9 10 11 15 16 18 19 20 23 24 28 29 30
38 38 16 1 5 6 9 10 11 15 18 19 20 23 24 28 29 30 32
39 39 16 1 5 6 9 10 11 16 18 19 20 23 24 28 29 30 31
40 40 16 1 5 6 9 10 11 18 19 20 23 24 28 29 30 31 32
41 41 16 1 5 6 9 10 13 14 15 16 18 19 20 23 24 27 28
42 42 16 1 5 6 9 10 13 14 15 18 19 20 23 24 27 28 32
43 43 16 1 5 6 9 10 13 14 16 18 19 20 23 24 27 28 31
44 44 16 1 5 6 9 10 13 14 18 19 20 23 24 27 28 31 32
45 45 16 1 5 6 9 10 13 15 16 18 19 20 23 24 27 28 30
46 46 16 1 5 6 9 10 13 15 18 19 20 23 24 27 28 30 32
47 47 16 1 5 6 9 10 13 16 18 19 20 23 24 27 28 30 31
48 48 16 1 5 6 9 10 13 18 19 20 23 24 27 28 30 31 32
49 49 16 1 5 6 10 11 14 15 16 18 19 20 23 24 25 28 29
50 50 16 1 5 6 10 11 14 15 18 19 20 23 24 25 28 29 32
51 51 16 1 5 6 10 11 14 16 18 19 20 23 24 25 28 29 31
52 52 16 1 5 6 10 11 14 18 19 20 23 24 25 28 29 31 32
53 53 16 1 5 6 10 11 15 16 18 19 20 23 24 25 28 29 30
54 54 16 1 5 6 10 11 15 18 19 20 23 24 25 28 29 30 32
55 55 16 1 5 6 10 11 16 18 19 20 23 24 25 28 29 30 31
56 56 16 1 5 6 10 11 18 19 20 23 24 25 28 29 30 31 32
57 57 16 1 5 6 10 13 14 15 16 18 19 20 23 24 25 27 28
58 58 16 1 5 6 10 13 14 15 18 19 20 23 24 25 27 28 32
59 59 16 1 5 6 10 13 14 16 18 19 20 23 24 25 27 28 31
60 60 16 1 5 6 10 13 14 18 19 20 23 24 25 27 28 31 32
61 61 16 1 5 6 10 13 15 16 18 19 20 23 24 25 27 28 30
62 62 16 1 5 6 10 13 15 18 19 20 23 24 25 27 28 30 32
63 63 16 1 5 6 10 13 16 18 19 20 23 24 25 27 28 30 31
64 64 16 1 5 6 10 13 18 19 20 23 24 25 27 28 30 31 32
65 65 16 2 3 7 8 9 11 14 15 16 17 20 21 22 26 28 29
66 66 16 2 3 7 8 9 11 14 15 17 20 21 22 26 28 29 32
67 67 16 2 3 7 8 9 11 14 16 17 20 21 22 26 28 29 31
68 68 16 2 3 7 8 9 11 14 17 20 21 22 26 28 29 31 32
69 69 16 2 3 7 8 9 11 15 16 17 20 21 22 26 28 29 30
70 70 16 2 3 7 8 9 11 15 17 20 21 22 26 28 29 30 32
71 71 16 2 3 7 8 9 11 16 17 20 21 22 26 28 29 30 31
72 72 16 2 3 7 8 9 11 17 20 21 22 26 28 29 30 31 32
73 73 16 2 3 7 8 9 12 13 14 15 16 17 20 21 22 26 27
74 74 16 2 3 7 8 9 12 13 14 15 17 20 21 22 26 27 32
75 75 16 2 3 7 8 9 12 13 14 16 17 20 21 22 26 27 31
76 76 16 2 3 7 8 9 12 13 14 17 20 21 22 26 27 31 32
77 77 16 2 3 7 8 9 12 13 15 16 17 20 21 22 26 27 30
78 78 16 2 3 7 8 9 12 13 15 17 20 21 22 26 27 30 32
79 79 16 2 3 7 8 9 12 13 16 17 20 21 22 26 27 30 31
80 80 16 2 3 7 8 9 12 13 17 20 21 22 26 27 30 31 32
81 81 16 2 3 7 8 11 14 15 16 17 20 21 22 25 26 28 29
82 82 16 2 3 7 8 11 14 15 17 20 21 22 25 26 28 29 32
83 83 16 2 3 7 8 11 14 16 17 20 21 22 25 26 28 29 31
84 84 16 2 3 7 8 11 14 17 20 21 22 25 26 28 29 31 32
85 85 16 2 3 7 8 11 15 16 17 20 21 22 25 26 28 29 30
86 86 16 2 3 7 8 11 15 17 20 21 22 25 26 28 29 30 32
87 87 16 2 3 7 8 11 16 17 20 21 22 25 26 28 29 30 31
88 88 16 2 3 7 8 11 17 20 21 22 25 26 28 29 30 31 32
89 89 16 2 3 7 8 12 13 14 15 16 17 20 21 22 25 26 27
90 90 16 2 3 7 8 12 13 14 15 17 20 21 22 25 26 27 32
91 91 16 2 3 7 8 12 13 14 16 17 20 21 22 25 26 27 31
92 92 16 2 3 7 8 12 13 14 17 20 21 22 25 26 27 31 32
93 93 16 2 3 7 8 12 13 15 16 17 20 21 22 25 26 27 30
94 94 16 2 3 7 8 12 13 15 17 20 21 22 25 26 27 30 32
95 95 16 2 3 7 8 12 13 16 17 20 21 22 25 26 27 30 31
96 96 16 2 3 7 8 12 13 17 20 21 22 25 26 27 30 31 32
97 97 16 2 7 8 9 11 14 15 16 17 19 20 21 22 26 28 29
98 98 16 2 7 8 9 11 14 15 17 19 20 21 22 26 28 29 32
99 99 16 2 7 8 9 11 14 16 17 19 20 21 22 26 28 29 31
100 100 16 2 7 8 9 11 14 17 19 20 21 22 26 28 29 31 32
101 101 16 2 7 8 9 11 15 16 17 19 20 21 22 26 28 29 30
102 102 16 2 7 8 9 11 15 17 19 20 21 22 26 28 29 30 32
103 103 16 2 7 8 9 11 16 17 19 20 21 22 26 28 29 30 31
104 104 16 2 7 8 9 11 17 19 20 21 22 26 28 29 30 31 32
105 105 16 2 7 8 9 13 14 15 16 17 19 20 21 22 26 27 28
106 106 16 2 7 8 9 13 14 15 17 19 20 21 22 26 27 28 32
107 107 16 2 7 8 9 13 14 16 17 19 20 21 22 26 27 28 31
108 108 16 2 7 8 9 13 14 17 19 20 21 22 26 27 28 31 32
109 109 16 2 7 8 9 13 15 16 17 19 20 21 22 26 27 28 30
110 110 16 2 7 8 9 13 15 17 19 20 21 22 26 27 28 30 32
111 111 16 2 7 8 9 13 16 17 19 20 21 22 26 27 28 30 31
112 112 16 2 7 8 9 13 17 19 20 21 22 26 27 28 30 31 32
113 113 16 2 7 8 11 14 15 16 17 19 20 21 22 25 26 28 29
114 114 16 2 7 8 11 14 15 17 19 20 21 22 25 26 28 29 32
115 115 16 2 7 8 11 14 16 17 19 20 21 22 25 26 28 29 31
116 116 16 2 7 8 11 14 17 19 20 21 22 25 26 28 29 31 32
117 117 16 2 7 8 11 15 16 17 19 20 21 22 25 26 28 29 30
118 118 16 2 7 8 11 15 17 19 20 21 22 25 26 28 29 30 32
119 119 16 2 7 8 11 16 17 19 20 21 22 25 26 28 29 30 31
120 120 16 2 7 8 11 17 19 20 21 22 25 26 28 29 30 31 32
121 121 16 2 7 8 13 14 15 16 17 19 20 21 22 25 26 27 28
122 122 16 2 7 8 13 14 15 17 19 20 21 22 25 26 27 28 32
123 123 16 2 7 8 13 14 16 17 19 20 21 22 25 26 27 28 31
124 124 16 2 7 8 13 14 17 19 20 21 22 25 26 27 28 31 32
125 125 16 2 7 8 13 15 16 17 19 20 21 22 25 26 27 28 30
126 126 16 2 7 8 13 15 17 19 20 21 22 25 26 27 28 30 32
127 127 16 2 7 8 13 16 17 19 20 21 22 25 26 27 28 30 31
128 128 16 2 7 8 13 17 19 20 21 22 25 26 27 28 30 31 32
